<?xml version="1.0" encoding="UTF-8"?>
<!-- Generated by org.testng.reporters.JUnitReportReporter -->
<testsuite hostname="LAPTOP-54RPE39J" failures="0" tests="1" name="login.LoginTest" time="10.930" errors="0" timestamp="16 Jul 2022 11:36:58 GMT" skipped="0">
  <testcase classname="login.LoginTest" name="doLogin" time="10.930"/>
</testsuite> <!-- login.LoginTest -->
